s
n
a
BackSpace
BackSpace
a
n
s
Down
Up
Down
Up
Up
Up
Up
Down
Down
Down
Down
Down
Down
p
y
h
t
o
n
space
P_Next
space
l
i
Tab
Return
p
y
t
h
o
n
P_Next
space
semicolon
l
BackSpace
BackSpace
l
i
n
Tab
Return
P_Enter
P_Enter
r
r
p
p
o
o
p
p
e
e
P_Insert
P_Insert
P_Right
P_Right
Shift_R
Shift_R
at
at
g
g
m
m
a
a
i
i
l
l
period
period
c
c
o
o
m
m
Shift_R
Shift_R
Y
Y
a
a
n
n
k
k
3
3
3
3
Shift_R
Shift_R
dollar
dollar
0
0
2
3
2
3
2
2
3
3
4
4
Shift_R
Shift_R
exclam
exclam
p
p
y
y
t
t
h
h
o
o
n
n
P_Next
P_Next
space
space
l
l
i
i
n
n
Tab
Tab
Return
Return
p
p
p
y
y
y
l
l
l
o
o
o
g
g
g
g
g
g
e
e
e
r
r
r
Shift_R
Shift_R
Shift_R
underscore
underscore
underscore
c
c
c
a
a
a
c
c
c
n
n
n
e
e
e
BackSpace
BackSpace
BackSpace
BackSpace
BackSpace
BackSpace
BackSpace
BackSpace
BackSpace
n
n
n
c
c
c
e
e
e
l
l
l
Return
Return
Return
P_Insert
P_Insert
P_Insert
Return
Return
Return
Shift_R
Shift_R
Shift_R
bracketleft
bracketleft
bracketleft
P_Delete
P_Delete
P_Delete
bracketright
bracketright
bracketright
BackSpace
BackSpace
BackSpace
BackSpace
BackSpace
BackSpace
P_Insert
P_Insert
P_Insert
bracketright
bracketright
bracketright
Return
Return
Return
apostrophe
apostrophe
apostrophe
Return
Return
Return
Shift_R
Shift_R
Shift_R
quotedbl
quotedbl
quotedbl
BackSpace
BackSpace
BackSpace
Shift_R
Shift_R
Shift_R
asciitilde
asciitilde
asciitilde
Return
Return
Return
grave
grave
grave
Return
Return
Return
Shift_R
Shift_R
Shift_R
asciitilde
asciitilde
asciitilde
Return
Return
Return
grave
grave
grave
Return
Return
Return
grave
grave
grave
Return
Return
Return
grave
grave
grave
Return
Return
Return
grave
grave
grave
Return
Return
Return
grave
grave
grave
Return
Return
Return
apostrophe
apostrophe
apostrophe
grave
grave
grave
apostrophe
apostrophe
apostrophe
Return
Return
Return
apostrophe
apostrophe
apostrophe
apostrophe
apostrophe
apostrophe
grave
grave
grave
Return
Return
Return
grave
grave
grave
grave
grave
grave
Return
Return
Return
P_Insert
P_Insert
P_Insert
P_Enter
P_Enter
P_Enter
P_Insert
P_Insert
P_Insert
P_Insert
P_Insert
P_Insert
P_Insert
P_Insert
P_Insert
P_Insert
P_Insert
P_Insert
P_Enter
P_Enter
P_Enter
P_Insert
P_Insert
P_Insert
P_Enter
P_Enter
P_Enter
P_Insert
P_Insert
P_Insert
P_Enter
P_Enter
P_Enter
P_Insert
P_Insert
P_Insert
P_Enter
P_Enter
P_Enter
P_Insert
P_Insert
P_Insert
P_Enter
P_Enter
P_Enter
P_Insert
P_Insert
P_Insert
P_Enter
P_Enter
P_Enter
P_Insert
P_Insert
P_Insert
P_Enter
P_Enter
P_Enter
P_Insert
P_Insert
P_Insert
P_Enter
P_Enter
P_Enter
apostrophe
apostrophe
apostrophe
p
p
p
y
y
y
l
l
l
o
o
o
g
g
g
g
g
g
e
e
e
r
r
r
Shift_R
Shift_R
Shift_R
underscore
underscore
underscore
c
c
c
a
a
a
c
c
c
n
n
n
c
c
c
e
e
e
l
l
l
BackSpace
BackSpace
BackSpace
BackSpace
BackSpace
BackSpace
BackSpace
BackSpace
BackSpace
BackSpace
BackSpace
BackSpace
BackSpace
BackSpace
BackSpace
n
n
n
c
c
c
e
e
e
semicolon
semicolon
semicolon
BackSpace
BackSpace
BackSpace
l
l
l
apostrophe
apostrophe
apostrophe
Return
Return
Return
g
g
g
i
i
i
t
t
t
space
space
space
a
a
a
d
d
d
d
d
d
space
space
space
period
period
period
slash
slash
slash
Return
Return
Return
